Log file open, 01/15/20 13:45:09
LogWindows: Failed to load 'aqProf.dll' (GetLastError=126)
LogWindows: File 'aqProf.dll' does not exist
LogWindows: Failed to load 'VtuneApi.dll' (GetLastError=126)
LogWindows: File 'VtuneApi.dll' does not exist
LogWindows: Failed to load 'VtuneApi32e.dll' (GetLastError=126)
LogWindows: File 'VtuneApi32e.dll' does not exist
LogConsoleResponse: Display: Failed to find resolution value strings in scalability ini. Falling back to default.
LogInit: Display: Running engine for game: TP_Platformer
LogPlatformFile: Not using cached read wrapper
LogTaskGraph: Started task graph with 5 named threads and 23 total threads with 3 sets of task threads.
LogStats: Stats thread started at 0.241172
LogD3D11RHI: Loaded GFSDK_Aftermath_Lib.x64.dll
LogICUInternationalization: ICU TimeZone Detection - Raw Offset: -8:00, Platform Override: ''
LogPluginManager: Mounting plugin Paper2D
LogPluginManager: Mounting plugin AISupport
LogPluginManager: Mounting plugin LightPropagationVolume
LogPluginManager: Mounting plugin ActorLayerUtilities
LogPluginManager: Mounting plugin AnimationSharing
LogPluginManager: Mounting plugin CLionSourceCodeAccess
LogPluginManager: Mounting plugin CodeLiteSourceCodeAccess
LogPluginManager: Mounting plugin GitSourceControl
LogPluginManager: Mounting plugin KDevelopSourceCodeAccess
LogPluginManager: Mounting plugin NullSourceCodeAccess
LogPluginManager: Mounting plugin PerforceSourceControl
LogPluginManager: Mounting plugin PlasticSourceControl
LogPluginManager: Mounting plugin SubversionSourceControl
LogPluginManager: Mounting plugin UObjectPlugin
LogPluginManager: Mounting plugin VisualStudioCodeSourceCodeAccess
LogPluginManager: Mounting plugin VisualStudioSourceCodeAccess
LogPluginManager: Mounting plugin XCodeSourceCodeAccess
LogPluginManager: Mounting plugin AssetManagerEditor
LogPluginManager: Mounting plugin CryptoKeys
LogPluginManager: Mounting plugin CurveEditorTools
LogPluginManager: Mounting plugin DataValidation
LogPluginManager: Mounting plugin FacialAnimation
LogPluginManager: Mounting plugin GameplayTagsEditor
LogPluginManager: Mounting plugin MacGraphicsSwitching
LogPluginManager: Mounting plugin MaterialAnalyzer
LogPluginManager: Mounting plugin MobileLauncherProfileWizard
LogPluginManager: Mounting plugin PluginBrowser
LogPluginManager: Mounting plugin SpeedTreeImporter
LogPluginManager: Mounting plugin DatasmithContent
LogPluginManager: Mounting plugin VariantManagerContent
LogPluginManager: Mounting plugin AlembicImporter
LogPluginManager: Mounting plugin AutomationUtils
LogPluginManager: Mounting plugin BackChannel
LogPluginManager: Mounting plugin CharacterAI
LogPluginManager: Mounting plugin GeometryCache
LogPluginManager: Mounting plugin PlatformCrypto
LogPluginManager: Mounting plugin ProxyLODPlugin
LogPluginManager: Mounting plugin SkeletalReduction
LogPluginManager: Mounting plugin MagicLeap
LogPluginManager: Mounting plugin MagicLeapMedia
LogPluginManager: Mounting plugin MLSDK
LogPluginManager: Mounting plugin AndroidMedia
LogPluginManager: Mounting plugin AvfMedia
LogPluginManager: Mounting plugin ImgMedia
LogPluginManager: Mounting plugin MediaCompositing
LogPluginManager: Mounting plugin MediaPlayerEditor
LogPluginManager: Mounting plugin WebMMedia
LogPluginManager: Mounting plugin WmfMedia
LogPluginManager: Mounting plugin TcpMessaging
LogPluginManager: Mounting plugin UdpMessaging
LogPluginManager: Mounting plugin ActorSequence
LogPluginManager: Mounting plugin LevelSequenceEditor
LogPluginManager: Mounting plugin MatineeToLevelSequence
LogPluginManager: Mounting plugin NetcodeUnitTest
LogPluginManager: Mounting plugin NUTUnrealEngine4
LogPluginManager: Mounting plugin OnlineSubsystemGooglePlay
LogPluginManager: Mounting plugin OnlineSubsystemIOS
LogPluginManager: Mounting plugin OnlineSubsystem
LogPluginManager: Mounting plugin OnlineSubsystemNull
LogPluginManager: Mounting plugin OnlineSubsystemUtils
LogPluginManager: Mounting plugin LauncherChunkInstaller
LogPluginManager: Mounting plugin AndroidDeviceProfileSelector
LogPluginManager: Mounting plugin AndroidMoviePlayer
LogPluginManager: Mounting plugin AndroidPermission
LogPluginManager: Mounting plugin AppleImageUtils
LogPluginManager: Mounting plugin AppleMoviePlayer
LogPluginManager: Mounting plugin ArchVisCharacter
LogPluginManager: Mounting plugin AssetTags
LogPluginManager: Mounting plugin AudioCapture
LogPluginManager: Mounting plugin CableComponent
LogPluginManager: Mounting plugin CustomMeshComponent
LogPluginManager: Mounting plugin EditableMesh
LogPluginManager: Mounting plugin ExampleDeviceProfileSelector
LogPluginManager: Mounting plugin GoogleCloudMessaging
LogPluginManager: Mounting plugin IOSDeviceProfileSelector
LogPluginManager: Mounting plugin LinuxDeviceProfileSelector
LogPluginManager: Mounting plugin LocationServicesBPLibrary
LogPluginManager: Mounting plugin MobilePatchingUtils
LogPluginManager: Mounting plugin OculusVR
LogPluginManager: Mounting plugin PhysXVehicles
LogPluginManager: Mounting plugin PostSplashScreen
LogPluginManager: Mounting plugin ProceduralMeshComponent
LogPluginManager: Mounting plugin RuntimePhysXCooking
LogPluginManager: Mounting plugin SignificanceManager
LogPluginManager: Mounting plugin SteamVR
LogPluginManager: Mounting plugin WebMMoviePlayer
LogPluginManager: Mounting plugin WindowsMoviePlayer
LogPluginManager: Mounting plugin ScreenshotTools
LogInit: Using libcurl 7.55.1-DEV
LogInit:  - built for x86_64-pc-win32
LogInit:  - supports SSL with OpenSSL/1.1.1
LogInit:  - supports HTTP deflate (compression) using libz 1.2.8
LogInit:  - other features:
LogInit:      CURL_VERSION_SSL
LogInit:      CURL_VERSION_LIBZ
LogInit:      CURL_VERSION_IPV6
LogInit:      CURL_VERSION_ASYNCHDNS
LogInit:      CURL_VERSION_LARGEFILE
LogInit:      CURL_VERSION_IDN
LogInit:  CurlRequestOptions (configurable via config and command line):
LogInit:  - bVerifyPeer = true  - Libcurl will verify peer certificate
LogInit:  - bUseHttpProxy = false  - Libcurl will NOT use HTTP proxy
LogInit:  - bDontReuseConnections = false  - Libcurl will reuse connections
LogInit:  - MaxHostConnections = 16  - Libcurl will limit the number of connections to a host
LogInit:  - LocalHostAddr = Default
LogInit:  - BufferSize = 65536
LogOnline: OSS: Creating online subsystem instance for: NULL
LogInit: WinSock: version 1.1 (2.2), MaxSocks=32767, MaxUdp=65467
LogOnline: OSS: TryLoadSubsystemAndSetDefault: Loaded subsystem for module [NULL]
LogInit: Build: ++UE4+Release-4.24-CL-10757647
LogInit: Engine Version: 4.24.1-10757647+++UE4+Release-4.24
LogInit: Compatible Engine Version: 4.24.0-10570792+++UE4+Release-4.24
LogInit: Net CL: 10570792
LogInit: OS: Windows 10 (Release 1903) (), CPU: AMD Ryzen 7 3750H with Radeon Vega Mobile Gfx  , GPU: AMD Radeon(TM) RX Vega 10 Graphics
LogInit: Compiled (64-bit): Dec 17 2019 02:08:03
LogInit: Compiled with Visual C++: 19.16.27032.01
LogInit: Build Configuration: Development
LogInit: Branch Name: ++UE4+Release-4.24
LogInit: Command Line: 
LogInit: Base Directory: C:/Program Files/Epic Games/UE_4.24/Engine/Binaries/Win64/
LogInit: Installed Engine Build: 1
LogDevObjectVersion: Number of dev versions registered: 25
LogDevObjectVersion:   Dev-Blueprints (B0D832E4-1F89-4F0D-ACCF-7EB736FD4AA2): 10
LogDevObjectVersion:   Dev-Build (E1C64328-A22C-4D53-A36C-8E866417BD8C): 0
LogDevObjectVersion:   Dev-Core (375EC13C-06E4-48FB-B500-84F0262A717E): 3
LogDevObjectVersion:   Dev-Editor (E4B068ED-F494-42E9-A231-DA0B2E46BB41): 37
LogDevObjectVersion:   Dev-Framework (CFFC743F-43B0-4480-9391-14DF171D2073): 36
LogDevObjectVersion:   Dev-Mobile (B02B49B5-BB20-44E9-A304-32B752E40360): 2
LogDevObjectVersion:   Dev-Networking (A4E4105C-59A1-49B5-A7C5-40C4547EDFEE): 0
LogDevObjectVersion:   Dev-Online (39C831C9-5AE6-47DC-9A44-9C173E1C8E7C): 0
LogDevObjectVersion:   Dev-Physics (78F01B33-EBEA-4F98-B9B4-84EACCB95AA2): 2
LogDevObjectVersion:   Dev-Platform (6631380F-2D4D-43E0-8009-CF276956A95A): 0
LogDevObjectVersion:   Dev-Rendering (12F88B9F-8875-4AFC-A67C-D90C383ABD29): 36
LogDevObjectVersion:   Dev-Sequencer (7B5AE74C-D270-4C10-A958-57980B212A5A): 11
LogDevObjectVersion:   Dev-VR (D7296918-1DD6-4BDD-9DE2-64A83CC13884): 2
LogDevObjectVersion:   Dev-LoadTimes (C2A15278-BFE7-4AFE-6C17-90FF531DF755): 1
LogDevObjectVersion:   Private-Geometry (6EACA3D4-40EC-4CC1-B786-8BED09428FC5): 3
LogDevObjectVersion:   Dev-AnimPhys (29E575DD-E0A3-4627-9D10-D276232CDCEA): 17
LogDevObjectVersion:   Dev-Anim (AF43A65D-7FD3-4947-9873-3E8ED9C1BB05): 2
LogDevObjectVersion:   Dev-ReflectionCapture (6B266CEC-1EC7-4B8F-A30B-E4D90942FC07): 1
LogDevObjectVersion:   Dev-Automation (0DF73D61-A23F-47EA-B727-89E90C41499A): 1
LogDevObjectVersion:   FortniteMain (601D1886-AC64-4F84-AA16-D3DE0DEAC7D6): 31
LogDevObjectVersion:   Dev-Enterprise (9DFFBCD6-494F-0158-E221-12823C92A888): 8
LogDevObjectVersion:   Dev-Niagara (F2AED0AC-9AFE-416F-8664-AA7FFA26D6FC): 1
LogDevObjectVersion:   Dev-Destruction (174F1F0B-B4C6-45A5-B13F-2EE8D0FB917D): 9
LogDevObjectVersion:   Dev-Physics-Ext (35F94A83-E258-406C-A318-09F59610247C): 8
LogDevObjectVersion:   Dev-CineCamera (B2E18506-4273-CFC2-A54E-F4BB758BBA07): 1
LogInit: Presizing for max 25165824 objects, including 0 objects not considered by GC, pre-allocating 0 bytes for permanent pool.
LogInit: Object subsystem initialized
LogConfig: Setting CVar [[con.DebugEarlyDefault:1]]
LogConfig: Setting CVar [[r.setres:1280x720]]
[2020.01.15-21.45.10:134][  0]LogConfig: Setting CVar [[r.VSync:0]]
[2020.01.15-21.45.10:134][  0]LogConfig: Setting CVar [[r.RHICmdBypass:0]]
[2020.01.15-21.45.10:134][  0]LogConfig: Applying CVar settings from Section [/Script/Engine.RendererSettings] File [C:/Users/RatFury/Documents/GitHub/Unreal2020NathanCuadros/TP_Platformer/Saved/Config/Windows/Engine.ini]
[2020.01.15-21.45.10:134][  0]LogConfig: Setting CVar [[r.GPUCrashDebugging:0]]
[2020.01.15-21.45.10:134][  0]LogConfig: Applying CVar settings from Section [/Script/Engine.RendererOverrideSettings] File [C:/Users/RatFury/Documents/GitHub/Unreal2020NathanCuadros/TP_Platformer/Saved/Config/Windows/Engine.ini]
[2020.01.15-21.45.10:134][  0]LogConfig: Applying CVar settings from Section [/Script/Engine.StreamingSettings] File [C:/Users/RatFury/Documents/GitHub/Unreal2020NathanCuadros/TP_Platformer/Saved/Config/Windows/Engine.ini]
[2020.01.15-21.45.10:134][  0]LogConfig: Setting CVar [[s.MinBulkDataSizeForAsyncLoading:131072]]
[2020.01.15-21.45.10:134][  0]LogConfig: Setting CVar [[s.AsyncLoadingThreadEnabled:0]]
[2020.01.15-21.45.10:134][  0]LogConfig: Setting CVar [[s.EventDrivenLoaderEnabled:1]]
[2020.01.15-21.45.10:134][  0]LogConfig: Setting CVar [[s.WarnIfTimeLimitExceeded:0]]
[2020.01.15-21.45.10:134][  0]LogConfig: Setting CVar [[s.TimeLimitExceededMultiplier:1.5]]
[2020.01.15-21.45.10:134][  0]LogConfig: Setting CVar [[s.TimeLimitExceededMinTime:0.005]]
[2020.01.15-21.45.10:134][  0]LogConfig: Setting CVar [[s.UseBackgroundLevelStreaming:1]]
[2020.01.15-21.45.10:134][  0]LogConfig: Setting CVar [[s.PriorityAsyncLoadingExtraTime:15.0]]
[2020.01.15-21.45.10:134][  0]LogConfig: Setting CVar [[s.LevelStreamingActorsUpdateTimeLimit:5.0]]
[2020.01.15-21.45.10:134][  0]LogConfig: Setting CVar [[s.PriorityLevelStreamingActorsUpdateExtraTime:5.0]]
[2020.01.15-21.45.10:134][  0]LogConfig: Setting CVar [[s.LevelStreamingComponentsRegistrationGranularity:10]]
[2020.01.15-21.45.10:134][  0]LogConfig: Setting CVar [[s.UnregisterComponentsTimeLimit:1.0]]
[2020.01.15-21.45.10:134][  0]LogConfig: Setting CVar [[s.LevelStreamingComponentsUnregistrationGranularity:5]]
[2020.01.15-21.45.10:135][  0]LogConfig: Setting CVar [[s.FlushStreamingOnExit:1]]
[2020.01.15-21.45.10:135][  0]LogConfig: Applying CVar settings from Section [/Script/Engine.GarbageCollectionSettings] File [C:/Users/RatFury/Documents/GitHub/Unreal2020NathanCuadros/TP_Platformer/Saved/Config/Windows/Engine.ini]
[2020.01.15-21.45.10:135][  0]LogConfig: Setting CVar [[gc.MaxObjectsNotConsideredByGC:1]]
[2020.01.15-21.45.10:135][  0]LogConfig: Setting CVar [[gc.SizeOfPermanentObjectPool:0]]
[2020.01.15-21.45.10:135][  0]LogConfig: Setting CVar [[gc.FlushStreamingOnGC:0]]
[2020.01.15-21.45.10:135][  0]LogConfig: Setting CVar [[gc.NumRetriesBeforeForcingGC:10]]
[2020.01.15-21.45.10:135][  0]LogConfig: Setting CVar [[gc.AllowParallelGC:1]]
[2020.01.15-21.45.10:135][  0]LogConfig: Setting CVar [[gc.TimeBetweenPurgingPendingKillObjects:61.1]]
[2020.01.15-21.45.10:135][  0]LogConfig: Setting CVar [[gc.MaxObjectsInEditor:25165824]]
[2020.01.15-21.45.10:135][  0]LogConfig: Setting CVar [[gc.IncrementalBeginDestroyEnabled:1]]
[2020.01.15-21.45.10:135][  0]LogConfig: Setting CVar [[gc.CreateGCClusters:1]]
[2020.01.15-21.45.10:135][  0]LogConfig: Setting CVar [[gc.MinGCClusterSize:5]]
[2020.01.15-21.45.10:135][  0]LogConfig: Setting CVar [[gc.ActorClusteringEnabled:0]]
[2020.01.15-21.45.10:135][  0]LogConfig: Setting CVar [[gc.BlueprintClusteringEnabled:0]]
[2020.01.15-21.45.10:135][  0]LogConfig: Setting CVar [[gc.UseDisregardForGCOnDedicatedServers:0]]
[2020.01.15-21.45.10:135][  0]LogConfig: Applying CVar settings from Section [/Script/Engine.NetworkSettings] File [C:/Users/RatFury/Documents/GitHub/Unreal2020NathanCuadros/TP_Platformer/Saved/Config/Windows/Engine.ini]
[2020.01.15-21.45.10:135][  0]LogConfig: Applying CVar settings from Section [/Script/UnrealEd.CookerSettings] File [C:/Users/RatFury/Documents/GitHub/Unreal2020NathanCuadros/TP_Platformer/Saved/Config/Windows/Engine.ini]
[2020.01.15-21.45.10:142][  0]LogConfig: Applying CVar settings from Section [ViewDistanceQuality@3] File [C:/Users/RatFury/Documents/GitHub/Unreal2020NathanCuadros/TP_Platformer/Saved/Config/Windows/Scalability.ini]
[2020.01.15-21.45.10:142][  0]LogConfig: Setting CVar [[r.SkeletalMeshLODBias:0]]
[2020.01.15-21.45.10:142][  0]LogConfig: Setting CVar [[r.ViewDistanceScale:1.0]]
[2020.01.15-21.45.10:142][  0]LogConfig: Applying CVar settings from Section [AntiAliasingQuality@3] File [C:/Users/RatFury/Documents/GitHub/Unreal2020NathanCuadros/TP_Platformer/Saved/Config/Windows/Scalability.ini]
[2020.01.15-21.45.10:142][  0]LogConfig: Setting CVar [[r.PostProcessAAQuality:4]]
[2020.01.15-21.45.10:142][  0]LogConfig: Applying CVar settings from Section [ShadowQuality@3] File [C:/Users/RatFury/Documents/GitHub/Unreal2020NathanCuadros/TP_Platformer/Saved/Config/Windows/Scalability.ini]
[2020.01.15-21.45.10:142][  0]LogConfig: Setting CVar [[r.LightFunctionQuality:1]]
[2020.01.15-21.45.10:142][  0]LogConfig: Setting CVar [[r.ShadowQuality:5]]
[2020.01.15-21.45.10:142][  0]LogConfig: Setting CVar [[r.Shadow.CSM.MaxCascades:10]]
[2020.01.15-21.45.10:143][  0]LogConfig: Setting CVar [[r.Shadow.MaxResolution:2048]]
[2020.01.15-21.45.10:143][  0]LogConfig: Setting CVar [[r.Shadow.MaxCSMResolution:2048]]
[2020.01.15-21.45.10:143][  0]LogConfig: Setting CVar [[r.Shadow.RadiusThreshold:0.01]]
[2020.01.15-21.45.10:143][  0]LogConfig: Setting CVar [[r.Shadow.DistanceScale:1.0]]
[2020.01.15-21.45.10:143][  0]LogConfig: Setting CVar [[r.Shadow.CSM.TransitionScale:1.0]]
[2020.01.15-21.45.10:143][  0]LogConfig: Setting CVar [[r.Shadow.PreShadowResolutionFactor:1.0]]
[2020.01.15-21.45.10:143][  0]LogConfig: Setting CVar [[r.DistanceFieldShadowing:1]]
[2020.01.15-21.45.10:143][  0]LogConfig: Setting CVar [[r.DistanceFieldAO:1]]
[2020.01.15-21.45.10:143][  0]LogConfig: Setting CVar [[r.AOQuality:2]]
[2020.01.15-21.45.10:143][  0]LogConfig: Setting CVar [[r.VolumetricFog:1]]
[2020.01.15-21.45.10:143][  0]LogConfig: Setting CVar [[r.VolumetricFog.GridPixelSize:8]]
[2020.01.15-21.45.10:143][  0]LogConfig: Setting CVar [[r.VolumetricFog.GridSizeZ:128]]
[2020.01.15-21.45.10:143][  0]LogConfig: Setting CVar [[r.VolumetricFog.HistoryMissSupersampleCount:4]]
[2020.01.15-21.45.10:143][  0]LogConfig: Setting CVar [[r.LightMaxDrawDistanceScale:1]]
[2020.01.15-21.45.10:143][  0]LogConfig: Setting CVar [[r.CapsuleShadows:1]]
[2020.01.15-21.45.10:143][  0]LogConfig: Applying CVar settings from Section [PostProcessQuality@3] File [C:/Users/RatFury/Documents/GitHub/Unreal2020NathanCuadros/TP_Platformer/Saved/Config/Windows/Scalability.ini]
[2020.01.15-21.45.10:143][  0]LogConfig: Setting CVar [[r.MotionBlurQuality:4]]
[2020.01.15-21.45.10:143][  0]LogConfig: Setting CVar [[r.AmbientOcclusionMipLevelFactor:0.4]]
[2020.01.15-21.45.10:143][  0]LogConfig: Setting CVar [[r.AmbientOcclusionMaxQuality:100]]
[2020.01.15-21.45.10:143][  0]LogConfig: Setting CVar [[r.AmbientOcclusionLevels:-1]]
[2020.01.15-21.45.10:143][  0]LogConfig: Setting CVar [[r.AmbientOcclusionRadiusScale:1.0]]
[2020.01.15-21.45.10:143][  0]LogConfig: Setting CVar [[r.DepthOfFieldQuality:2]]
[2020.01.15-21.45.10:143][  0]LogConfig: Setting CVar [[r.RenderTargetPoolMin:400]]
[2020.01.15-21.45.10:143][  0]LogConfig: Setting CVar [[r.LensFlareQuality:2]]
[2020.01.15-21.45.10:143][  0]LogConfig: Setting CVar [[r.SceneColorFringeQuality:1]]
[2020.01.15-21.45.10:143][  0]LogConfig: Setting CVar [[r.EyeAdaptationQuality:2]]
[2020.01.15-21.45.10:144][  0]LogConfig: Setting CVar [[r.BloomQuality:5]]
[2020.01.15-21.45.10:144][  0]LogConfig: Setting CVar [[r.FastBlurThreshold:100]]
[2020.01.15-21.45.10:144][  0]LogConfig: Setting CVar [[r.Upscale.Quality:3]]
[2020.01.15-21.45.10:144][  0]LogConfig: Setting CVar [[r.Tonemapper.GrainQuantization:1]]
[2020.01.15-21.45.10:144][  0]LogConfig: Setting CVar [[r.LightShaftQuality:1]]
[2020.01.15-21.45.10:144][  0]LogConfig: Setting CVar [[r.Filter.SizeScale:1]]
[2020.01.15-21.45.10:144][  0]LogConfig: Setting CVar [[r.Tonemapper.Quality:5]]
[2020.01.15-21.45.10:144][  0]LogConfig: Setting CVar [[r.DOF.Gather.AccumulatorQuality:1        ; higher gathering accumulator quality]]
[2020.01.15-21.45.10:144][  0]LogConfig: Setting CVar [[r.DOF.Gather.PostfilterMethod:1          ; Median3x3 postfilering method]]
[2020.01.15-21.45.10:144][  0]LogConfig: Setting CVar [[r.DOF.Gather.EnableBokehSettings:0       ; no bokeh simulation when gathering]]
[2020.01.15-21.45.10:144][  0]LogConfig: Setting CVar [[r.DOF.Gather.RingCount:4                 ; medium number of samples when gathering]]
[2020.01.15-21.45.10:144][  0]LogConfig: Setting CVar [[r.DOF.Scatter.ForegroundCompositing:1    ; additive foreground scattering]]
[2020.01.15-21.45.10:144][  0]LogConfig: Setting CVar [[r.DOF.Scatter.BackgroundCompositing:2    ; additive background scattering]]
[2020.01.15-21.45.10:144][  0]LogConfig: Setting CVar [[r.DOF.Scatter.EnableBokehSettings:1      ; bokeh simulation when scattering]]
[2020.01.15-21.45.10:144][  0]LogConfig: Setting CVar [[r.DOF.Scatter.MaxSpriteRatio:0.1         ; only a maximum of 10% of scattered bokeh]]
[2020.01.15-21.45.10:144][  0]LogConfig: Setting CVar [[r.DOF.Recombine.Quality:1                ; cheap slight out of focus]]
[2020.01.15-21.45.10:144][  0]LogConfig: Setting CVar [[r.DOF.Recombine.EnableBokehSettings:0    ; no bokeh simulation on slight out of focus]]
[2020.01.15-21.45.10:144][  0]LogConfig: Setting CVar [[r.DOF.TemporalAAQuality:1                ; more stable temporal accumulation]]
[2020.01.15-21.45.10:144][  0]LogConfig: Setting CVar [[r.DOF.Kernel.MaxForegroundRadius:0.025]]
[2020.01.15-21.45.10:144][  0]LogConfig: Setting CVar [[r.DOF.Kernel.MaxBackgroundRadius:0.025]]
[2020.01.15-21.45.10:144][  0]LogConfig: Applying CVar settings from Section [TextureQuality@3] File [C:/Users/RatFury/Documents/GitHub/Unreal2020NathanCuadros/TP_Platformer/Saved/Config/Windows/Scalability.ini]
[2020.01.15-21.45.10:144][  0]LogConfig: Setting CVar [[r.Streaming.MipBias:0]]
[2020.01.15-21.45.10:144][  0]LogConfig: Setting CVar [[r.Streaming.AmortizeCPUToGPUCopy:0]]
[2020.01.15-21.45.10:144][  0]LogConfig: Setting CVar [[r.Streaming.MaxNumTexturesToStreamPerFrame:0]]
[2020.01.15-21.45.10:144][  0]LogConfig: Setting CVar [[r.Streaming.Boost:1]]
[2020.01.15-21.45.10:144][  0]LogConfig: Setting CVar [[r.MaxAnisotropy:8]]
[2020.01.15-21.45.10:144][  0]LogConfig: Setting CVar [[r.VT.MaxAnisotropy:8]]
[2020.01.15-21.45.10:145][  0]LogConfig: Setting CVar [[r.Streaming.LimitPoolSizeToVRAM:0]]
[2020.01.15-21.45.10:145][  0]LogConfig: Setting CVar [[r.Streaming.PoolSize:1000]]
[2020.01.15-21.45.10:145][  0]LogConfig: Setting CVar [[r.Streaming.MaxEffectiveScreenSize:0]]
[2020.01.15-21.45.10:145][  0]LogConfig: Applying CVar settings from Section [EffectsQuality@3] File [C:/Users/RatFury/Documents/GitHub/Unreal2020NathanCuadros/TP_Platformer/Saved/Config/Windows/Scalability.ini]
[2020.01.15-21.45.10:145][  0]LogConfig: Setting CVar [[r.TranslucencyLightingVolumeDim:64]]
[2020.01.15-21.45.10:145][  0]LogConfig: Setting CVar [[r.RefractionQuality:2]]
[2020.01.15-21.45.10:145][  0]LogConfig: Setting CVar [[r.SSR.Quality:3]]
[2020.01.15-21.45.10:145][  0]LogConfig: Setting CVar [[r.SSR.HalfResSceneColor:0]]
[2020.01.15-21.45.10:145][  0]LogConfig: Setting CVar [[r.SceneColorFormat:4]]
[2020.01.15-21.45.10:145][  0]LogConfig: Setting CVar [[r.DetailMode:2]]
[2020.01.15-21.45.10:145][  0]LogConfig: Setting CVar [[r.TranslucencyVolumeBlur:1]]
[2020.01.15-21.45.10:145][  0]LogConfig: Setting CVar [[r.MaterialQualityLevel:1 ; High quality]]
[2020.01.15-21.45.10:145][  0]LogConfig: Setting CVar [[r.SSS.Scale:1]]
[2020.01.15-21.45.10:145][  0]LogConfig: Setting CVar [[r.SSS.SampleSet:2]]
[2020.01.15-21.45.10:145][  0]LogConfig: Setting CVar [[r.SSS.Quality:1]]
[2020.01.15-21.45.10:145][  0]LogConfig: Setting CVar [[r.SSS.HalfRes:1]]
[2020.01.15-21.45.10:145][  0]LogConfig: Setting CVar [[r.SSGI.Quality:3]]
[2020.01.15-21.45.10:145][  0]LogConfig: Setting CVar [[r.EmitterSpawnRateScale:1.0]]
[2020.01.15-21.45.10:145][  0]LogConfig: Setting CVar [[r.ParticleLightQuality:2]]
[2020.01.15-21.45.10:145][  0]LogConfig: Setting CVar [[r.SkyAtmosphere.AerialPerspectiveLUT.FastApplyOnOpaque:1 ; Always have FastSkyLUT 1 in this case to avoid wrong sky]]
[2020.01.15-21.45.10:145][  0]LogConfig: Setting CVar [[r.SkyAtmosphere.AerialPerspectiveLUT.SampleCountPerSlice:1]]
[2020.01.15-21.45.10:145][  0]LogConfig: Setting CVar [[r.SkyAtmosphere.AerialPerspectiveLUT.DepthResolution:16.0]]
[2020.01.15-21.45.10:145][  0]LogConfig: Setting CVar [[r.SkyAtmosphere.FastSkyLUT:1]]
[2020.01.15-21.45.10:145][  0]LogConfig: Setting CVar [[r.SkyAtmosphere.FastSkyLUT.SampleCountMin:4.0]]
[2020.01.15-21.45.10:145][  0]LogConfig: Setting CVar [[r.SkyAtmosphere.FastSkyLUT.SampleCountMax:32.0]]
[2020.01.15-21.45.10:145][  0]LogConfig: Setting CVar [[r.SkyAtmosphere.SampleCountMin:4.0]]
[2020.01.15-21.45.10:146][  0]LogConfig: Setting CVar [[r.SkyAtmosphere.SampleCountMax:32.0]]
[2020.01.15-21.45.10:146][  0]LogConfig: Setting CVar [[r.SkyAtmosphere.TransmittanceLUT.UseSmallFormat:0]]
[2020.01.15-21.45.10:146][  0]LogConfig: Setting CVar [[r.SkyAtmosphere.TransmittanceLUT.SampleCount:10.0]]
[2020.01.15-21.45.10:146][  0]LogConfig: Setting CVar [[r.SkyAtmosphere.MultiScatteringLUT.SampleCount:15.0]]
[2020.01.15-21.45.10:146][  0]LogConfig: Applying CVar settings from Section [FoliageQuality@3] File [C:/Users/RatFury/Documents/GitHub/Unreal2020NathanCuadros/TP_Platformer/Saved/Config/Windows/Scalability.ini]
[2020.01.15-21.45.10:146][  0]LogConfig: Setting CVar [[foliage.DensityScale:1.0]]
[2020.01.15-21.45.10:146][  0]LogConfig: Setting CVar [[grass.DensityScale:1.0]]
[2020.01.15-21.45.10:146][  0]LogConfig: Applying CVar settings from Section [ShadingQuality@3] File [C:/Users/RatFury/Documents/GitHub/Unreal2020NathanCuadros/TP_Platformer/Saved/Config/Windows/Scalability.ini]
[2020.01.15-21.45.10:146][  0]LogConfig: Setting CVar [[r.HairStrands.SkyLighting.SampleCount:16]]
[2020.01.15-21.45.10:146][  0]LogConfig: Setting CVar [[r.HairStrands.SkyLighting.JitterIntegration:0]]
[2020.01.15-21.45.10:146][  0]LogConfig: Setting CVar [[r.HairStrands.SkyAO.SampleCount:16]]
[2020.01.15-21.45.10:146][  0]LogInit: Selected Device Profile: [Windows]
[2020.01.15-21.45.10:146][  0]LogInit: Applying CVar settings loaded from the selected device profile: [Windows]
[2020.01.15-21.45.10:154][  0]LogHAL: Display: Platform has ~ 14 GB [14965170176 / 17179869184 / 14], which maps to Larger [LargestMinGB=32, LargerMinGB=12, DefaultMinGB=8, SmallerMinGB=6, SmallestMinGB=0)
[2020.01.15-21.45.10:154][  0]LogInit: Going up to parent DeviceProfile []
[2020.01.15-21.45.10:154][  0]LogConfig: Applying CVar settings from Section [ViewDistanceQuality@3] File [C:/Users/RatFury/Documents/GitHub/Unreal2020NathanCuadros/TP_Platformer/Saved/Config/Windows/Scalability.ini]
[2020.01.15-21.45.10:154][  0]LogConfig: Setting CVar [[r.SkeletalMeshLODBias:0]]
[2020.01.15-21.45.10:154][  0]LogConfig: Setting CVar [[r.ViewDistanceScale:1.0]]
[2020.01.15-21.45.10:155][  0]LogConfig: Applying CVar settings from Section [AntiAliasingQuality@3] File [C:/Users/RatFury/Documents/GitHub/Unreal2020NathanCuadros/TP_Platformer/Saved/Config/Windows/Scalability.ini]
[2020.01.15-21.45.10:155][  0]LogConfig: Setting CVar [[r.PostProcessAAQuality:4]]
[2020.01.15-21.45.10:155][  0]LogConfig: Applying CVar settings from Section [ShadowQuality@3] File [C:/Users/RatFury/Documents/GitHub/Unreal2020NathanCuadros/TP_Platformer/Saved/Config/Windows/Scalability.ini]
[2020.01.15-21.45.10:155][  0]LogConfig: Setting CVar [[r.LightFunctionQuality:1]]
[2020.01.15-21.45.10:155][  0]LogConfig: Setting CVar [[r.ShadowQuality:5]]
[2020.01.15-21.45.10:155][  0]LogConfig: Setting CVar [[r.Shadow.CSM.MaxCascades:10]]
[2020.01.15-21.45.10:155][  0]LogConfig: Setting CVar [[r.Shadow.MaxResolution:2048]]
[2020.01.15-21.45.10:155][  0]LogConfig: Setting CVar [[r.Shadow.MaxCSMResolution:2048]]
[2020.01.15-21.45.10:155][  0]LogConfig: Setting CVar [[r.Shadow.RadiusThreshold:0.01]]
[2020.01.15-21.45.10:155][  0]LogConfig: Setting CVar [[r.Shadow.DistanceScale:1.0]]
[2020.01.15-21.45.10:155][  0]LogConfig: Setting CVar [[r.Shadow.CSM.TransitionScale:1.0]]
[2020.01.15-21.45.10:155][  0]LogConfig: Setting CVar [[r.Shadow.PreShadowResolutionFactor:1.0]]
[2020.01.15-21.45.10:155][  0]LogConfig: Setting CVar [[r.DistanceFieldShadowing:1]]
[2020.01.15-21.45.10:155][  0]LogConfig: Setting CVar [[r.DistanceFieldAO:1]]
[2020.01.15-21.45.10:155][  0]LogConfig: Setting CVar [[r.AOQuality:2]]
[2020.01.15-21.45.10:155][  0]LogConfig: Setting CVar [[r.VolumetricFog:1]]
[2020.01.15-21.45.10:155][  0]LogConfig: Setting CVar [[r.VolumetricFog.GridPixelSize:8]]
[2020.01.15-21.45.10:155][  0]LogConfig: Setting CVar [[r.VolumetricFog.GridSizeZ:128]]
[2020.01.15-21.45.10:155][  0]LogConfig: Setting CVar [[r.VolumetricFog.HistoryMissSupersampleCount:4]]
[2020.01.15-21.45.10:155][  0]LogConfig: Setting CVar [[r.LightMaxDrawDistanceScale:1]]
[2020.01.15-21.45.10:155][  0]LogConfig: Setting CVar [[r.CapsuleShadows:1]]
[2020.01.15-21.45.10:155][  0]LogConfig: Applying CVar settings from Section [PostProcessQuality@3] File [C:/Users/RatFury/Documents/GitHub/Unreal2020NathanCuadros/TP_Platformer/Saved/Config/Windows/Scalability.ini]
[2020.01.15-21.45.10:155][  0]LogConfig: Setting CVar [[r.MotionBlurQuality:4]]
[2020.01.15-21.45.10:155][  0]LogConfig: Setting CVar [[r.AmbientOcclusionMipLevelFactor:0.4]]
[2020.01.15-21.45.10:155][  0]LogConfig: Setting CVar [[r.AmbientOcclusionMaxQuality:100]]
[2020.01.15-21.45.10:155][  0]LogConfig: Setting CVar [[r.AmbientOcclusionLevels:-1]]
[2020.01.15-21.45.10:156][  0]LogConfig: Setting CVar [[r.AmbientOcclusionRadiusScale:1.0]]
[2020.01.15-21.45.10:156][  0]LogConfig: Setting CVar [[r.DepthOfFieldQuality:2]]
[2020.01.15-21.45.10:156][  0]LogConfig: Setting CVar [[r.RenderTargetPoolMin:400]]
[2020.01.15-21.45.10:156][  0]LogConfig: Setting CVar [[r.LensFlareQuality:2]]
[2020.01.15-21.45.10:156][  0]LogConfig: Setting CVar [[r.SceneColorFringeQuality:1]]
[2020.01.15-21.45.10:156][  0]LogConfig: Setting CVar [[r.EyeAdaptationQuality:2]]
[2020.01.15-21.45.10:156][  0]LogConfig: Setting CVar [[r.BloomQuality:5]]
[2020.01.15-21.45.10:156][  0]LogConfig: Setting CVar [[r.FastBlurThreshold:100]]
[2020.01.15-21.45.10:156][  0]LogConfig: Setting CVar [[r.Upscale.Quality:3]]
[2020.01.15-21.45.10:156][  0]LogConfig: Setting CVar [[r.Tonemapper.GrainQuantization:1]]
[2020.01.15-21.45.10:156][  0]LogConfig: Setting CVar [[r.LightShaftQuality:1]]
[2020.01.15-21.45.10:156][  0]LogConfig: Setting CVar [[r.Filter.SizeScale:1]]
[2020.01.15-21.45.10:156][  0]LogConfig: Setting CVar [[r.Tonemapper.Quality:5]]
[2020.01.15-21.45.10:156][  0]LogConfig: Setting CVar [[r.DOF.Gather.AccumulatorQuality:1        ; higher gathering accumulator quality]]
[2020.01.15-21.45.10:156][  0]LogConfig: Setting CVar [[r.DOF.Gather.PostfilterMethod:1          ; Median3x3 postfilering method]]
[2020.01.15-21.45.10:156][  0]LogConfig: Setting CVar [[r.DOF.Gather.EnableBokehSettings:0       ; no bokeh simulation when gathering]]
[2020.01.15-21.45.10:156][  0]LogConfig: Setting CVar [[r.DOF.Gather.RingCount:4                 ; medium number of samples when gathering]]
[2020.01.15-21.45.10:156][  0]LogConfig: Setting CVar [[r.DOF.Scatter.ForegroundCompositing:1    ; additive foreground scattering]]
[2020.01.15-21.45.10:156][  0]LogConfig: Setting CVar [[r.DOF.Scatter.BackgroundCompositing:2    ; additive background scattering]]
[2020.01.15-21.45.10:156][  0]LogConfig: Setting CVar [[r.DOF.Scatter.EnableBokehSettings:1      ; bokeh simulation when scattering]]
[2020.01.15-21.45.10:156][  0]LogConfig: Setting CVar [[r.DOF.Scatter.MaxSpriteRatio:0.1         ; only a maximum of 10% of scattered bokeh]]
[2020.01.15-21.45.10:156][  0]LogConfig: Setting CVar [[r.DOF.Recombine.Quality:1                ; cheap slight out of focus]]
[2020.01.15-21.45.10:156][  0]LogConfig: Setting CVar [[r.DOF.Recombine.EnableBokehSettings:0    ; no bokeh simulation on slight out of focus]]
[2020.01.15-21.45.10:156][  0]LogConfig: Setting CVar [[r.DOF.TemporalAAQuality:1                ; more stable temporal accumulation]]
[2020.01.15-21.45.10:156][  0]LogConfig: Setting CVar [[r.DOF.Kernel.MaxForegroundRadius:0.025]]
[2020.01.15-21.45.10:156][  0]LogConfig: Setting CVar [[r.DOF.Kernel.MaxBackgroundRadius:0.025]]
[2020.01.15-21.45.10:157][  0]LogConfig: Applying CVar settings from Section [TextureQuality@3] File [C:/Users/RatFury/Documents/GitHub/Unreal2020NathanCuadros/TP_Platformer/Saved/Config/Windows/Scalability.ini]
[2020.01.15-21.45.10:157][  0]LogConfig: Setting CVar [[r.Streaming.MipBias:0]]
[2020.01.15-21.45.10:157][  0]LogConfig: Setting CVar [[r.Streaming.AmortizeCPUToGPUCopy:0]]
[2020.01.15-21.45.10:157][  0]LogConfig: Setting CVar [[r.Streaming.MaxNumTexturesToStreamPerFrame:0]]
[2020.01.15-21.45.10:157][  0]LogConfig: Setting CVar [[r.Streaming.Boost:1]]
[2020.01.15-21.45.10:157][  0]LogConfig: Setting CVar [[r.MaxAnisotropy:8]]
[2020.01.15-21.45.10:157][  0]LogConfig: Setting CVar [[r.VT.MaxAnisotropy:8]]
[2020.01.15-21.45.10:157][  0]LogConfig: Setting CVar [[r.Streaming.LimitPoolSizeToVRAM:0]]
[2020.01.15-21.45.10:157][  0]LogConfig: Setting CVar [[r.Streaming.PoolSize:1000]]
[2020.01.15-21.45.10:157][  0]LogConfig: Setting CVar [[r.Streaming.MaxEffectiveScreenSize:0]]
[2020.01.15-21.45.10:157][  0]LogConfig: Applying CVar settings from Section [EffectsQuality@3] File [C:/Users/RatFury/Documents/GitHub/Unreal2020NathanCuadros/TP_Platformer/Saved/Config/Windows/Scalability.ini]
[2020.01.15-21.45.10:157][  0]LogConfig: Setting CVar [[r.TranslucencyLightingVolumeDim:64]]
[2020.01.15-21.45.10:157][  0]LogConfig: Setting CVar [[r.RefractionQuality:2]]
[2020.01.15-21.45.10:157][  0]LogConfig: Setting CVar [[r.SSR.Quality:3]]
[2020.01.15-21.45.10:157][  0]LogConfig: Setting CVar [[r.SSR.HalfResSceneColor:0]]
[2020.01.15-21.45.10:157][  0]LogConfig: Setting CVar [[r.SceneColorFormat:4]]
[2020.01.15-21.45.10:157][  0]LogConfig: Setting CVar [[r.DetailMode:2]]
[2020.01.15-21.45.10:157][  0]LogConfig: Setting CVar [[r.TranslucencyVolumeBlur:1]]
[2020.01.15-21.45.10:157][  0]LogConfig: Setting CVar [[r.MaterialQualityLevel:1 ; High quality]]
[2020.01.15-21.45.10:157][  0]LogConfig: Setting CVar [[r.SSS.Scale:1]]
[2020.01.15-21.45.10:157][  0]LogConfig: Setting CVar [[r.SSS.SampleSet:2]]
[2020.01.15-21.45.10:157][  0]LogConfig: Setting CVar [[r.SSS.Quality:1]]
[2020.01.15-21.45.10:157][  0]LogConfig: Setting CVar [[r.SSS.HalfRes:1]]
[2020.01.15-21.45.10:157][  0]LogConfig: Setting CVar [[r.SSGI.Quality:3]]
[2020.01.15-21.45.10:157][  0]LogConfig: Setting CVar [[r.EmitterSpawnRateScale:1.0]]
[2020.01.15-21.45.10:157][  0]LogConfig: Setting CVar [[r.ParticleLightQuality:2]]
[2020.01.15-21.45.10:157][  0]LogConfig: Setting CVar [[r.SkyAtmosphere.AerialPerspectiveLUT.FastApplyOnOpaque:1 ; Always have FastSkyLUT 1 in this case to avoid wrong sky]]
[2020.01.15-21.45.10:158][  0]LogConfig: Setting CVar [[r.SkyAtmosphere.AerialPerspectiveLUT.SampleCountPerSlice:1]]
[2020.01.15-21.45.10:158][  0]LogConfig: Setting CVar [[r.SkyAtmosphere.AerialPerspectiveLUT.DepthResolution:16.0]]
[2020.01.15-21.45.10:158][  0]LogConfig: Setting CVar [[r.SkyAtmosphere.FastSkyLUT:1]]
[2020.01.15-21.45.10:158][  0]LogConfig: Setting CVar [[r.SkyAtmosphere.FastSkyLUT.SampleCountMin:4.0]]
[2020.01.15-21.45.10:158][  0]LogConfig: Setting CVar [[r.SkyAtmosphere.FastSkyLUT.SampleCountMax:32.0]]
[2020.01.15-21.45.10:158][  0]LogConfig: Setting CVar [[r.SkyAtmosphere.SampleCountMin:4.0]]
[2020.01.15-21.45.10:158][  0]LogConfig: Setting CVar [[r.SkyAtmosphere.SampleCountMax:32.0]]
[2020.01.15-21.45.10:158][  0]LogConfig: Setting CVar [[r.SkyAtmosphere.TransmittanceLUT.UseSmallFormat:0]]
[2020.01.15-21.45.10:158][  0]LogConfig: Setting CVar [[r.SkyAtmosphere.TransmittanceLUT.SampleCount:10.0]]
[2020.01.15-21.45.10:158][  0]LogConfig: Setting CVar [[r.SkyAtmosphere.MultiScatteringLUT.SampleCount:15.0]]
[2020.01.15-21.45.10:158][  0]LogConfig: Applying CVar settings from Section [FoliageQuality@3] File [C:/Users/RatFury/Documents/GitHub/Unreal2020NathanCuadros/TP_Platformer/Saved/Config/Windows/Scalability.ini]
[2020.01.15-21.45.10:158][  0]LogConfig: Setting CVar [[foliage.DensityScale:1.0]]
[2020.01.15-21.45.10:158][  0]LogConfig: Setting CVar [[grass.DensityScale:1.0]]
[2020.01.15-21.45.10:158][  0]LogConfig: Applying CVar settings from Section [ShadingQuality@3] File [C:/Users/RatFury/Documents/GitHub/Unreal2020NathanCuadros/TP_Platformer/Saved/Config/Windows/Scalability.ini]
[2020.01.15-21.45.10:158][  0]LogConfig: Setting CVar [[r.HairStrands.SkyLighting.SampleCount:16]]
[2020.01.15-21.45.10:158][  0]LogConfig: Setting CVar [[r.HairStrands.SkyLighting.JitterIntegration:0]]
[2020.01.15-21.45.10:158][  0]LogConfig: Setting CVar [[r.HairStrands.SkyAO.SampleCount:16]]
[2020.01.15-21.45.10:158][  0]LogConfig: Applying CVar settings from Section [Startup] File [../../../Engine/Config/ConsoleVariables.ini]
[2020.01.15-21.45.10:159][  0]LogConfig: Setting CVar [[net.UseAdaptiveNetUpdateFrequency:0]]
[2020.01.15-21.45.10:159][  0]LogConfig: Setting CVar [[p.chaos.AllowCreatePhysxBodies:1]]
[2020.01.15-21.45.10:159][  0]LogConfig: Applying CVar settings from Section [ConsoleVariables] File [C:/Users/RatFury/Documents/GitHub/Unreal2020NathanCuadros/TP_Platformer/Saved/Config/Windows/Engine.ini]
[2020.01.15-21.45.10:159][  0]LogInit: Computer: CLOUDBANK
[2020.01.15-21.45.10:159][  0]LogInit: User: RatFury
[2020.01.15-21.45.10:159][  0]LogInit: CPU Page size=4096, Cores=4
[2020.01.15-21.45.10:159][  0]LogInit: High frequency timer resolution =10.000000 MHz
[2020.01.15-21.45.10:160][  0]LogMemory: Memory total: Physical=13.9GB (14GB approx)
[2020.01.15-21.45.10:160][  0]LogMemory: Platform Memory Stats for Windows
[2020.01.15-21.45.10:160][  0]LogMemory: Process Physical Memory: 105.80 MB used, 105.80 MB peak
[2020.01.15-21.45.10:160][  0]LogMemory: Process Virtual Memory: 100.78 MB used, 100.78 MB peak
[2020.01.15-21.45.10:160][  0]LogMemory: Physical Memory: 4241.98 MB used,  10029.92 MB free, 14271.90 MB total
[2020.01.15-21.45.10:160][  0]LogMemory: Virtual Memory: 5137.46 MB used,  134212592.00 MB free, 134217728.00 MB total
[2020.01.15-21.45.10:247][  0]LogWindows: WindowsPlatformFeatures enabled
[2020.01.15-21.45.10:325][  0]LogInit: Using OS detected language (en-US).
[2020.01.15-21.45.10:325][  0]LogInit: Using OS detected locale (en-US).
[2020.01.15-21.45.10:327][  0]LogTextLocalizationManager: No specific localization for 'en-US' exists, so the 'en' localization will be used.
[2020.01.15-21.45.10:758][  0]LogInit: Setting process to per monitor DPI aware
[2020.01.15-21.45.10:823][  0]LogSlate: New Slate User Created.  User Index 0, Is Virtual User: 0
[2020.01.15-21.45.10:823][  0]LogSlate: Slate User Registered.  User Index 0, Is Virtual User: 0
[2020.01.15-21.45.11:292][  0]LogHMD: Failed to initialize OpenVR with code 110
[2020.01.15-21.45.11:292][  0]LogD3D11RHI: D3D11 min allowed feature level: 11_0
[2020.01.15-21.45.11:292][  0]LogD3D11RHI: D3D11 max allowed feature level: 11_0
[2020.01.15-21.45.11:292][  0]LogD3D11RHI: D3D11 adapters:
[2020.01.15-21.45.11:535][  0]LogD3D11RHI:    0. 'NVIDIA GeForce GTX 1660 Ti with Max-Q Design' (Feature Level 11_0)
[2020.01.15-21.45.11:535][  0]LogD3D11RHI:       5991/0/7135 MB DedicatedVideo/DedicatedSystem/SharedSystem, Outputs:1, VendorId:0x10de
[2020.01.15-21.45.11:592][  0]LogD3D11RHI:    1. 'AMD Radeon(TM) RX Vega 10 Graphics' (Feature Level 11_0)
[2020.01.15-21.45.11:592][  0]LogD3D11RHI:       2032/0/7135 MB DedicatedVideo/DedicatedSystem/SharedSystem, Outputs:0, VendorId:0x1002
[2020.01.15-21.45.11:598][  0]LogD3D11RHI:    2. 'Microsoft Basic Render Driver' (Feature Level 11_0)
[2020.01.15-21.45.11:598][  0]LogD3D11RHI:       0/0/7135 MB DedicatedVideo/DedicatedSystem/SharedSystem, Outputs:0, VendorId:0x1414
[2020.01.15-21.45.11:598][  0]LogD3D11RHI: Chosen D3D11 Adapter: 0
[2020.01.15-21.45.11:653][  0]LogD3D11RHI: Creating new Direct3DDevice
[2020.01.15-21.45.11:653][  0]LogD3D11RHI:     GPU DeviceId: 0x2191 (for the marketing name, search the web for "GPU Device Id")
[2020.01.15-21.45.11:653][  0]LogWindows: EnumDisplayDevices:
[2020.01.15-21.45.11:654][  0]LogWindows:    0. 'AMD Radeon(TM) RX Vega 10 Graphics' (P:1 D:1)
[2020.01.15-21.45.11:654][  0]LogWindows:    1. 'AMD Radeon(TM) RX Vega 10 Graphics' (P:0 D:0)
[2020.01.15-21.45.11:655][  0]LogWindows:    2. 'AMD Radeon(TM) RX Vega 10 Graphics' (P:0 D:0)
[2020.01.15-21.45.11:656][  0]LogWindows:    3. 'AMD Radeon(TM) RX Vega 10 Graphics' (P:0 D:0)
[2020.01.15-21.45.11:657][  0]LogWindows:    4. 'NVIDIA GeForce GTX 1660 Ti with Max-Q Design' (P:0 D:0)
[2020.01.15-21.45.11:658][  0]LogWindows:    5. 'NVIDIA GeForce GTX 1660 Ti with Max-Q Design' (P:0 D:0)
[2020.01.15-21.45.11:658][  0]LogWindows:    6. 'NVIDIA GeForce GTX 1660 Ti with Max-Q Design' (P:0 D:0)
[2020.01.15-21.45.11:659][  0]LogWindows:    7. 'NVIDIA GeForce GTX 1660 Ti with Max-Q Design' (P:0 D:0)
[2020.01.15-21.45.11:659][  0]LogWindows: DebugString: PrimaryIsNotTheChoosenAdapter PrimaryIsNotTheChoosenAdapter PrimaryIsNotTheChoosenAdapter PrimaryIsNotTheChoosenAdapter FoundDriverCount:4 
[2020.01.15-21.45.11:659][  0]LogD3D11RHI:     Adapter Name: NVIDIA GeForce GTX 1660 Ti with Max-Q Design
[2020.01.15-21.45.11:659][  0]LogD3D11RHI:   Driver Version: 441.66 (internal:26.21.14.4166, unified:441.66)
[2020.01.15-21.45.11:659][  0]LogD3D11RHI:      Driver Date: 12-6-2019
[2020.01.15-21.45.11:659][  0]LogRHI: Texture pool is 4193 MB (70% of 5991 MB)
[2020.01.15-21.45.11:805][  0]LogD3D11RHI: RHI has support for 64 bit atomics
[2020.01.15-21.45.11:805][  0]LogD3D11RHI: Async texture creation enabled
[2020.01.15-21.45.11:862][  0]LogD3D11RHI: GPU Timing Frequency: 1000.000000 (Debug: 2 1)
[2020.01.15-21.45.12:704][  0]LogTargetPlatformManager: Display: Loaded TargetPlatform 'AllDesktop'
[2020.01.15-21.45.12:789][  0]LogTargetPlatformManager: Display: Loaded TargetPlatform 'Android'
[2020.01.15-21.45.12:789][  0]LogTargetPlatformManager: Display: Loaded TargetPlatform 'Android_ASTC'
[2020.01.15-21.45.12:789][  0]LogTargetPlatformManager: Display: Loaded TargetPlatform 'Android_ATC'
[2020.01.15-21.45.12:789][  0]LogTargetPlatformManager: Display: Loaded TargetPlatform 'Android_DXT'
[2020.01.15-21.45.12:789][  0]LogTargetPlatformManager: Display: Loaded TargetPlatform 'Android_ETC1'
[2020.01.15-21.45.12:789][  0]LogTargetPlatformManager: Display: Loaded TargetPlatform 'Android_ETC1a'
[2020.01.15-21.45.12:789][  0]LogTargetPlatformManager: Display: Loaded TargetPlatform 'Android_ETC2'
[2020.01.15-21.45.12:789][  0]LogTargetPlatformManager: Display: Loaded TargetPlatform 'Android_PVRTC'
[2020.01.15-21.45.12:790][  0]LogTargetPlatformManager: Display: Loaded TargetPlatform 'AndroidClient'
[2020.01.15-21.45.12:790][  0]LogTargetPlatformManager: Display: Loaded TargetPlatform 'Android_ASTCClient'
[2020.01.15-21.45.12:790][  0]LogTargetPlatformManager: Display: Loaded TargetPlatform 'Android_ATCClient'
[2020.01.15-21.45.12:790][  0]LogTargetPlatformManager: Display: Loaded TargetPlatform 'Android_DXTClient'
[2020.01.15-21.45.12:790][  0]LogTargetPlatformManager: Display: Loaded TargetPlatform 'Android_ETC1Client'
[2020.01.15-21.45.12:790][  0]LogTargetPlatformManager: Display: Loaded TargetPlatform 'Android_ETC1aClient'
[2020.01.15-21.45.12:790][  0]LogTargetPlatformManager: Display: Loaded TargetPlatform 'Android_ETC2Client'
[2020.01.15-21.45.12:790][  0]LogTargetPlatformManager: Display: Loaded TargetPlatform 'Android_PVRTCClient'
[2020.01.15-21.45.12:790][  0]LogTargetPlatformManager: Display: Loaded TargetPlatform 'Android_Multi'
[2020.01.15-21.45.12:790][  0]LogTargetPlatformManager: Display: Loaded TargetPlatform 'Android_MultiClient'
[2020.01.15-21.45.12:844][  0]LogTargetPlatformManager: Display: Loaded TargetPlatform 'IOSClient'
[2020.01.15-21.45.12:844][  0]LogTargetPlatformManager: Display: Loaded TargetPlatform 'IOS'
[2020.01.15-21.45.12:865][  0]LogTargetPlatformManager: Display: Loaded TargetPlatform 'LinuxNoEditor'
[2020.01.15-21.45.12:887][  0]LogTargetPlatformManager: Display: Loaded TargetPlatform 'LinuxClient'
[2020.01.15-21.45.12:908][  0]LogTargetPlatformManager: Display: Loaded TargetPlatform 'LinuxServer'
[2020.01.15-21.45.12:929][  0]LogTargetPlatformManager: Display: Loaded TargetPlatform 'LinuxAArch64NoEditor'
[2020.01.15-21.45.12:951][  0]LogTargetPlatformManager: Display: Loaded TargetPlatform 'LinuxAArch64Client'
[2020.01.15-21.45.12:973][  0]LogTargetPlatformManager: Display: Loaded TargetPlatform 'LinuxAArch64Server'
[2020.01.15-21.45.13:045][  0]LogTargetPlatformManager: Display: Loaded TargetPlatform 'Lumin'
[2020.01.15-21.45.13:045][  0]LogTargetPlatformManager: Display: Loaded TargetPlatform 'LuminClient'
[2020.01.15-21.45.13:087][  0]LogTargetPlatformManager: Display: Loaded TargetPlatform 'TVOSClient'
[2020.01.15-21.45.13:088][  0]LogTargetPlatformManager: Display: Loaded TargetPlatform 'TVOS'
[2020.01.15-21.45.13:109][  0]LogTargetPlatformManager: Display: Loaded TargetPlatform 'WindowsNoEditor'
[2020.01.15-21.45.13:132][  0]LogTargetPlatformManager: Display: Loaded TargetPlatform 'Windows'
[2020.01.15-21.45.13:154][  0]LogTargetPlatformManager: Display: Loaded TargetPlatform 'WindowsClient'
[2020.01.15-21.45.13:175][  0]LogTargetPlatformManager: Display: Loaded TargetPlatform 'WindowsServer'
[2020.01.15-21.45.13:175][  0]LogTargetPlatformManager: Display: Building Assets For Windows
[2020.01.15-21.45.13:186][  0]LogAudioDebug: Display: Lib vorbis DLL was dynamically loaded.
[2020.01.15-21.45.13:258][  0]LogShaderCompilers: Guid format shader working directory is -38 characters bigger than the processId version (../../../../../../Users/RatFury/Documents/GitHub/Unreal2020NathanCuadros/TP_Platformer/Intermediate/Shaders/WorkingDirectory/3792/).
[2020.01.15-21.45.13:258][  0]LogShaderCompilers: Cleaned the shader compiler working directory 'C:/Users/RatFury/AppData/Local/Temp/UnrealShaderWorkingDir/379DFEE8407768DD0EDD6E988DBD526E/'.
[2020.01.15-21.45.13:260][  0]LogXGEController: Cannot use XGE Controller as Incredibuild is not installed on this machine.
[2020.01.15-21.45.13:260][  0]LogShaderCompilers: Cannot use XGE Shader Compiler as Incredibuild is not installed on this machine.
[2020.01.15-21.45.13:260][  0]LogShaderCompilers: Display: Using Local Shader Compiler.
[2020.01.15-21.45.15:263][  0]LogDerivedDataCache: Display: Max Cache Size: 512 MB
[2020.01.15-21.45.15:366][  0]LogDerivedDataCache: Loaded boot cache 0.10s 78MB C:/Users/RatFury/AppData/Local/UnrealEngine/4.24/DerivedDataCache/Boot.ddc.
[2020.01.15-21.45.15:366][  0]LogDerivedDataCache: Display: Loaded Boot cache: C:/Users/RatFury/AppData/Local/UnrealEngine/4.24/DerivedDataCache/Boot.ddc
[2020.01.15-21.45.15:367][  0]LogDerivedDataCache: FDerivedDataBackendGraph:  Pak pak cache file ../../../../../../Users/RatFury/Documents/GitHub/Unreal2020NathanCuadros/TP_Platformer/DerivedDataCache/DDC.ddp not found, will not use a pak cache.
[2020.01.15-21.45.15:367][  0]LogDerivedDataCache: Unable to find inner node Pak for hierarchical cache Hierarchy.
[2020.01.15-21.45.15:367][  0]LogDerivedDataCache: FDerivedDataBackendGraph:  CompressedPak pak cache file ../../../../../../Users/RatFury/Documents/GitHub/Unreal2020NathanCuadros/TP_Platformer/DerivedDataCache/Compressed.ddp not found, will not use a pak cache.
[2020.01.15-21.45.15:367][  0]LogDerivedDataCache: Unable to find inner node CompressedPak for hierarchical cache Hierarchy.
[2020.01.15-21.45.15:395][  0]LogDerivedDataCache: Display: Pak cache opened for reading ../../../Engine/DerivedDataCache/Compressed.ddp.
[2020.01.15-21.45.15:395][  0]LogDerivedDataCache: FDerivedDataBackendGraph:  EnterprisePak pak cache file ../../../Enterprise/DerivedDataCache/Compressed.ddp not found, will not use a pak cache.
[2020.01.15-21.45.15:395][  0]LogDerivedDataCache: Unable to find inner node EnterprisePak for hierarchical cache Hierarchy.
[2020.01.15-21.45.15:399][  0]LogDerivedDataCache: Using Local data cache path C:/Users/RatFury/AppData/Local/UnrealEngine/Common/DerivedDataCache: Writable
[2020.01.15-21.45.15:399][  0]LogDerivedDataCache: Shared data cache path not found in *engine.ini, will not use an Shared cache.
[2020.01.15-21.45.15:399][  0]LogDerivedDataCache: Unable to find inner node Shared for hierarchical cache Hierarchy.
[2020.01.15-21.45.15:469][  0]LogMaterial: Verifying Global Shaders for PCD3D_SM5
[2020.01.15-21.45.15:477][  0]LogSlate: Using FreeType 2.10.0
[2020.01.15-21.45.15:478][  0]LogSlate: SlateFontServices - WITH_FREETYPE: 1, WITH_HARFBUZZ: 1
[2020.01.15-21.45.15:627][  0]LogAssetRegistry: FAssetRegistry took 0.0067 seconds to start up
[2020.01.15-21.45.16:497][  0]LogInit: Selected Device Profile: [Windows]
[2020.01.15-21.45.16:926][  0]LogMeshReduction: Using QuadricMeshReduction for automatic static mesh reduction
[2020.01.15-21.45.16:926][  0]LogMeshReduction: Using SimplygonMeshReduction for automatic skeletal mesh reduction
[2020.01.15-21.45.16:926][  0]LogMeshReduction: Using ProxyLODMeshReduction for automatic mesh merging
[2020.01.15-21.45.16:926][  0]LogMeshReduction: No distributed automatic mesh merging module available
[2020.01.15-21.45.16:926][  0]LogMeshMerging: No distributed automatic mesh merging module available
[2020.01.15-21.45.16:958][  0]LogNetVersion: TP_Platformer 1.0.0, NetCL: 10570792, EngineNetVer: 13, GameNetVer: 0 (Checksum: 3029111648)
[2020.01.15-21.45.19:913][  0]LogPackageLocalizationCache: Processed 10 localized package path(s) for 1 prioritized culture(s) in 0.132095 seconds
[2020.01.15-21.45.19:932][  0]LogUObjectArray: 46750 objects as part of root set at end of initial load.
[2020.01.15-21.45.19:932][  0]LogUObjectAllocator: 8137160 out of 0 bytes used by permanent object pool.
[2020.01.15-21.45.19:932][  0]LogUObjectArray: CloseDisregardForGC: 0/0 objects in disregard for GC pool
[2020.01.15-21.45.21:097][  0]LogTcpMessaging: Initializing TcpMessaging bridge
[2020.01.15-21.45.21:104][  0]LogUdpMessaging: Initializing bridge on interface 0.0.0.0:0 to multicast group 230.0.0.1:6666.
[2020.01.15-21.45.21:249][  0]SourceControl: Source control is disabled
[2020.01.15-21.45.21:250][  0]SourceControl: Source control is disabled
[2020.01.15-21.45.21:253][  0]SourceControl: Source control is disabled
[2020.01.15-21.45.21:256][  0]SourceControl: Source control is disabled
[2020.01.15-21.45.21:258][  0]SourceControl: Source control is disabled
[2020.01.15-21.45.21:482][  0]LogAndroidPermission: UAndroidPermissionCallbackProxy::GetInstance
[2020.01.15-21.45.21:512][  0]LogAudioCaptureCore: Display: No Audio Capture implementations found. Audio input will be silent.
[2020.01.15-21.45.21:513][  0]LogAudioCaptureCore: Display: No Audio Capture implementations found. Audio input will be silent.
[2020.01.15-21.45.21:756][  0]LogOcInput: OculusInput pre-init called
[2020.01.15-21.45.21:777][  0]LogWindows: Failed to load 'OVRPlugin.dll' (GetLastError=126)
[2020.01.15-21.45.21:777][  0]LogWindows: File 'OVRPlugin.dll' does not exist
[2020.01.15-21.45.21:981][  0]LogEngine: Initializing Engine...
[2020.01.15-21.45.21:983][  0]LogHMD: Failed to initialize OpenVR with code 110
[2020.01.15-21.45.21:986][  0]LogStats: UGameplayTagsManager::InitializeManager -  0.000 s
[2020.01.15-21.45.22:934][  0]LogInit: Initializing FReadOnlyCVARCache
[2020.01.15-21.45.22:948][  0]LogAIModule: Creating AISystem for world Untitled
[2020.01.15-21.45.22:969][  0]LogAudioMixer: Display: Audio Mixer Platform Settings:
[2020.01.15-21.45.22:969][  0]LogAudioMixer: Display: 	Sample Rate:						  48000
[2020.01.15-21.45.22:969][  0]LogAudioMixer: Display: 	Callback Buffer Frame Size Requested: 1024
[2020.01.15-21.45.22:969][  0]LogAudioMixer: Display: 	Callback Buffer Frame Size To Use:	  1024
[2020.01.15-21.45.22:969][  0]LogAudioMixer: Display: 	Number of buffers to queue:			  2
[2020.01.15-21.45.22:969][  0]LogAudioMixer: Display: 	Max Channels (voices):				  32
[2020.01.15-21.45.22:969][  0]LogAudioMixer: Display: 	Number of Async Source Workers:		  0
[2020.01.15-21.45.22:969][  0]LogAudio: Display: AudioDevice MaxSources: 32
[2020.01.15-21.45.22:970][  0]LogAudio: Display: Using built-in audio occlusion.
[2020.01.15-21.45.22:970][  0]LogAudioMixer: Display: Initializing audio mixer.
[2020.01.15-21.45.23:630][  0]LogAudioMixer: Display: Audio Device Output Speaker Info:
[2020.01.15-21.45.23:630][  0]LogAudioMixer: Display: Name: Speakers (Realtek(R) Audio)
[2020.01.15-21.45.23:630][  0]LogAudioMixer: Display: Is Default: Yes
[2020.01.15-21.45.23:630][  0]LogAudioMixer: Display: Sample Rate: 44100
[2020.01.15-21.45.23:630][  0]LogAudioMixer: Display: Channel Count Used: 8
[2020.01.15-21.45.23:630][  0]LogAudioMixer: Display: Device Channel Count: 8
[2020.01.15-21.45.23:630][  0]LogAudioMixer: Display: Channel Order:
[2020.01.15-21.45.23:630][  0]LogAudioMixer: Display: 0: FrontLeft
[2020.01.15-21.45.23:630][  0]LogAudioMixer: Display: 1: FrontRight
[2020.01.15-21.45.23:631][  0]LogAudioMixer: Display: 2: FrontCenter
[2020.01.15-21.45.23:631][  0]LogAudioMixer: Display: 3: LowFrequency
[2020.01.15-21.45.23:631][  0]LogAudioMixer: Display: 4: BackLeft
[2020.01.15-21.45.23:631][  0]LogAudioMixer: Display: 5: BackRight
[2020.01.15-21.45.23:631][  0]LogAudioMixer: Display: 6: SideLeft
[2020.01.15-21.45.23:631][  0]LogAudioMixer: Display: 7: SideRight
[2020.01.15-21.45.24:457][  0]LogAudioMixer: Display: Using Audio Device Speakers (Realtek(R) Audio)
[2020.01.15-21.45.24:465][  0]LogInit: FAudioDevice initialized.
[2020.01.15-21.45.24:466][  0]LogNetVersion: Set ProjectVersion to 1.0.0.0. Version Checksum will be recalculated on next use.
[2020.01.15-21.45.24:583][  0]LogDerivedDataCache: Saved boot cache 0.12s 78MB C:/Users/RatFury/AppData/Local/UnrealEngine/4.24/DerivedDataCache/Boot.ddc.
[2020.01.15-21.45.24:584][  0]LogInit: Texture streaming: Enabled
[2020.01.15-21.45.24:612][  0]LogEngineSessionManager: EngineSessionManager initialized
[2020.01.15-21.45.24:612][  0]LogEditorSessionSummary: Verbose: Initializing EditorSessionSummaryWriter for editor session tracking
[2020.01.15-21.45.24:623][  0]LogEditorSessionSummary: EditorSessionSummaryWriter initialized
[2020.01.15-21.45.24:820][  0]LogInit: Transaction tracking system initialized
[2020.01.15-21.45.24:850][  0]BlueprintLog: New page: Editor Load
[2020.01.15-21.45.24:936][  0]LocalizationService: Localization service is disabled
[2020.01.15-21.45.25:858][  0]LogFileCache: Scanning file cache for directory 'C:/Users/RatFury/Documents/GitHub/Unreal2020NathanCuadros/TP_Platformer/Content/' took 0.03s
[2020.01.15-21.45.25:858][  0]LogCook: Display: Max memory allowance for cook 16384mb min free memory 0mb
[2020.01.15-21.45.25:858][  0]LogCook: Display: Mobile HDR setting 1
[2020.01.15-21.45.27:677][  0]SourceControl: Source control is disabled
[2020.01.15-21.45.27:677][  0]Cmd: MAP LOAD FILE="../../../../../../Users/RatFury/Documents/GitHub/Unreal2020NathanCuadros/TP_Platformer/Content/ThirdPersonBP/Maps/ThirdPersonExampleMap.umap" TEMPLATE=0 SHOWPROGRESS=1 FEATURELEVEL=3
[2020.01.15-21.45.27:678][  0]LightingResults: New page: Lighting Build
[2020.01.15-21.45.27:680][  0]LogWorld: UWorld::CleanupWorld for Untitled, bSessionEnded=true, bCleanupResources=true
[2020.01.15-21.45.27:680][  0]LogSlate: InvalidateAllWidgets triggered.  All widgets were invalidated
[2020.01.15-21.45.27:680][  0]MapCheck: New page: Map Check
[2020.01.15-21.45.27:680][  0]LightingResults: New page: Lighting Build
[2020.01.15-21.45.27:740][  0]LogUObjectHash: Compacting FUObjectHashTables data took   4.61ms
[2020.01.15-21.45.29:466][  0]LogAIModule: Creating AISystem for world ThirdPersonExampleMap
[2020.01.15-21.45.29:600][  0]LogEditorServer: Finished looking for orphan Actors (0.000 secs)
[2020.01.15-21.45.29:684][  0]LogUObjectHash: Compacting FUObjectHashTables data took   8.01ms
[2020.01.15-21.45.29:685][  0]Cmd: MAP CHECKDEP NOCLEARLOG
[2020.01.15-21.45.29:685][  0]MapCheck: Map check complete: 0 Error(s), 0 Warning(s), took 0.504ms to complete.
[2020.01.15-21.45.29:685][  0]LogFileHelpers: Loading map 'ThirdPersonExampleMap' took 2.008
[2020.01.15-21.45.29:878][  0]LogSlate: Updating window title bar state: overlay mode, drag disabled, window buttons hidden, title bar hidden
[2020.01.15-21.45.29:895][  0]LogSlate: Updating window title bar state: overlay mode, drag disabled, window buttons hidden, title bar hidden
[2020.01.15-21.45.29:912][  0]LogSlate: Updating window title bar state: overlay mode, drag disabled, window buttons hidden, title bar hidden
[2020.01.15-21.45.29:929][  0]LogSlate: Updating window title bar state: overlay mode, drag disabled, window buttons hidden, title bar hidden
[2020.01.15-21.45.29:945][  0]LogCollectionManager: Loaded 0 collections in 0.005104 seconds
[2020.01.15-21.45.29:980][  0]LogFileCache: Scanning file cache for directory 'C:/Users/RatFury/Documents/GitHub/Unreal2020NathanCuadros/TP_Platformer/Saved/Collections/' took 0.00s
[2020.01.15-21.45.29:980][  0]LogFileCache: Scanning file cache for directory 'C:/Users/RatFury/Documents/GitHub/Unreal2020NathanCuadros/TP_Platformer/Content/Developers/RatFury/Collections/' took 0.00s
[2020.01.15-21.45.29:980][  0]LogFileCache: Scanning file cache for directory 'C:/Users/RatFury/Documents/GitHub/Unreal2020NathanCuadros/TP_Platformer/Content/Collections/' took 0.00s
[2020.01.15-21.45.29:980][  0]LogContentBrowser: Native class hierarchy populated in 0.0236 seconds. Added 3015 classes and 717 folders.
[2020.01.15-21.45.29:986][  0]LogContentBrowser: Native class hierarchy updated for 'WidgetCarousel' in 0.0006 seconds. Added 0 classes and 0 folders.
[2020.01.15-21.45.30:150][  0]LogContentBrowser: Native class hierarchy updated for 'AddContentDialog' in 0.0006 seconds. Added 0 classes and 0 folders.
[2020.01.15-21.45.30:158][  0]LogContentBrowser: Native class hierarchy updated for 'SceneOutliner' in 0.0007 seconds. Added 2 classes and 3 folders.
[2020.01.15-21.45.30:284][  0]LogSlate: Took 0.000603 seconds to synchronously load lazily loaded font '../../../Engine/Content/Slate/Fonts/Roboto-Regular.ttf' (155K)
[2020.01.15-21.45.30:290][  0]LogSlate: Took 0.000473 seconds to synchronously load lazily loaded font '../../../Engine/Content/Slate/Fonts/Roboto-Bold.ttf' (160K)
[2020.01.15-21.45.30:304][  0]LogSlate: Took 0.000476 seconds to synchronously load lazily loaded font '../../../Engine/Content/Editor/Slate/Fonts/FontAwesome.ttf' (139K)
[2020.01.15-21.45.30:517][  0]LogRenderer: Reallocating scene render targets to support 740x532 Format 10 NumSamples 1 (Frame:1).
[2020.01.15-21.45.30:888][  0]LogContentBrowser: Native class hierarchy updated for 'HierarchicalLODOutliner' in 0.0007 seconds. Added 0 classes and 0 folders.
[2020.01.15-21.45.30:888][  0]LogLoad: (Engine Initialization) Total time: 25.26 seconds
[2020.01.15-21.45.30:888][  0]LogLoad: (Engine Initialization) Total Blueprint compile time: 0.00 seconds
[2020.01.15-21.45.31:234][  0]LogContentStreaming: Texture pool size now 1000 MB
[2020.01.15-21.45.31:305][  0]LogSlate: Took 0.000462 seconds to synchronously load lazily loaded font '../../../Engine/Content/Slate/Fonts/Roboto-Light.ttf' (167K)
[2020.01.15-21.45.31:499][  2]LogAssetRegistry: Asset discovery search completed in 15.8742 seconds
[2020.01.15-21.45.31:509][  2]LogCollectionManager: Fixed up redirectors for 0 collections in 0.000024 seconds (updated 0 objects)
[2020.01.15-21.45.35:921][ 91]LogSlate: Took 0.000396 seconds to synchronously load lazily loaded font '../../../Engine/Content/Slate/Fonts/Roboto-Light.ttf' (167K)
[2020.01.15-21.45.36:675][114]LogAssetEditorSubsystem: Opening Asset editor for LevelScriptBlueprint /Game/ThirdPersonBP/Maps/ThirdPersonExampleMap.ThirdPersonExampleMap:PersistentLevel.ThirdPersonExampleMap
[2020.01.15-21.45.37:176][114]LogContentBrowser: Native class hierarchy updated for 'BlueprintGraph' in 0.0014 seconds. Added 121 classes and 0 folders.
[2020.01.15-21.45.39:464][114]LogSlate: Took 0.000442 seconds to synchronously load lazily loaded font '../../../Engine/Content/Slate/Fonts/Roboto-BoldCondensed.ttf' (158K)
[2020.01.15-21.45.39:676][115]LogSlate: Took 0.000510 seconds to synchronously load lazily loaded font '../../../Engine/Content/Slate/Fonts/Roboto-Italic.ttf' (157K)
[2020.01.15-21.45.45:943][307]LogAssetEditorSubsystem: Opening Asset editor for WidgetBlueprint /Game/Blueprints/TPGame/MainMenu.MainMenu
[2020.01.15-21.45.54:377][554]LogAssetEditorSubsystem: Opening Asset editor for Blueprint /Game/Blueprints/TPGame/TPGamehud.TPGamehud
[2020.01.15-21.46.19:789][228]LogEditorTransaction: Undo Move Node
[2020.01.15-21.46.20:433][237]LogEditorTransaction: Undo Move Node
[2020.01.15-21.46.23:036][316]LogSlate: Window 'TPGamehud' being destroyed
[2020.01.15-21.46.23:053][316]LogSlate: Window 'TPGamehud' being destroyed
[2020.01.15-21.46.23:053][316]LogWorld: UWorld::CleanupWorld for World_3, bSessionEnded=true, bCleanupResources=true
[2020.01.15-21.46.23:053][316]LogSlate: InvalidateAllWidgets triggered.  All widgets were invalidated
[2020.01.15-21.46.23:209][316]LogWorld: UWorld::CleanupWorld for World_5, bSessionEnded=true, bCleanupResources=true
[2020.01.15-21.46.23:209][316]LogSlate: InvalidateAllWidgets triggered.  All widgets were invalidated
[2020.01.15-21.46.23:220][316]LogWorld: UWorld::CleanupWorld for World_4, bSessionEnded=true, bCleanupResources=true
[2020.01.15-21.46.23:220][316]LogSlate: InvalidateAllWidgets triggered.  All widgets were invalidated
[2020.01.15-21.46.23:347][316]LogWorld: UWorld::CleanupWorld for World_6, bSessionEnded=true, bCleanupResources=true
[2020.01.15-21.46.23:347][316]LogSlate: InvalidateAllWidgets triggered.  All widgets were invalidated
[2020.01.15-21.46.23:854][324]LogUObjectHash: Compacting FUObjectHashTables data took  12.80ms
[2020.01.15-21.46.25:311][324]LogSlate: Window 'Save Content' being destroyed
[2020.01.15-21.46.25:525][324]LogSlate: Window 'TP_Platformer - Unreal Editor' being destroyed
[2020.01.15-21.46.25:835][325]Cmd: QUIT_EDITOR
[2020.01.15-21.46.25:835][325]LogCore: Engine exit requested (reason: UUnrealEdEngine::CloseEditor())
[2020.01.15-21.46.25:874][325]LogCore: Engine exit requested (reason: EngineExit() was called; note: exit was already requested)
[2020.01.15-21.46.25:874][325]LogAudioMixer: Display: No commands were queued while flushing the source manager.
[2020.01.15-21.46.25:912][325]LogWindowsTextInputMethodSystem: Display: IME system now deactivated.
[2020.01.15-21.46.25:962][325]LogExit: Preparing to exit.
[2020.01.15-21.46.26:342][325]LogWorld: UWorld::CleanupWorld for World_0, bSessionEnded=true, bCleanupResources=true
[2020.01.15-21.46.26:346][325]LogWorld: UWorld::CleanupWorld for World_1, bSessionEnded=true, bCleanupResources=true
[2020.01.15-21.46.26:350][325]LogWorld: UWorld::CleanupWorld for World_2, bSessionEnded=true, bCleanupResources=true
[2020.01.15-21.46.26:424][325]LogDemo: Cleaned up 0 splitscreen connections with owner deletion
[2020.01.15-21.46.26:483][325]LogWorld: UWorld::CleanupWorld for None, bSessionEnded=true, bCleanupResources=true
[2020.01.15-21.46.26:484][325]LogExit: Editor shut down
[2020.01.15-21.46.26:489][325]LogExit: Transaction tracking system shut down
[2020.01.15-21.46.27:016][325]LogExit: Object subsystem successfully closed.
[2020.01.15-21.46.27:056][325]LogShaderCompilers: Display: Shaders left to compile 0
[2020.01.15-21.46.27:159][325]LogModuleManager: Shutting down and abandoning module SequencerWidgets (700)
[2020.01.15-21.46.27:160][325]LogModuleManager: Shutting down and abandoning module BlueprintGraph (698)
[2020.01.15-21.46.27:160][325]LogModuleManager: Shutting down and abandoning module HierarchicalLODOutliner (696)
[2020.01.15-21.46.27:160][325]LogModuleManager: Shutting down and abandoning module SceneOutliner (694)
[2020.01.15-21.46.27:160][325]LogModuleManager: Shutting down and abandoning module AddContentDialog (692)
[2020.01.15-21.46.27:161][325]LogModuleManager: Shutting down and abandoning module WidgetCarousel (691)
[2020.01.15-21.46.27:161][325]LogModuleManager: Shutting down and abandoning module EditorWidgets (688)
[2020.01.15-21.46.27:161][325]LogModuleManager: Shutting down and abandoning module CollectionManager (686)
[2020.01.15-21.46.27:161][325]LogModuleManager: Shutting down and abandoning module StatsViewer (684)
[2020.01.15-21.46.27:162][325]LogModuleManager: Shutting down and abandoning module VirtualTexturingEditor (682)
[2020.01.15-21.46.27:162][325]LogModuleManager: Shutting down and abandoning module FoliageEdit (680)
[2020.01.15-21.46.27:162][325]LogModuleManager: Shutting down and abandoning module LandscapeEditor (678)
[2020.01.15-21.46.27:162][325]LogModuleManager: Shutting down and abandoning module MeshPaintMode (676)
[2020.01.15-21.46.27:162][325]LogModuleManager: Shutting down and abandoning module SceneDepthPickerMode (674)
[2020.01.15-21.46.27:162][325]LogModuleManager: Shutting down and abandoning module ActorPickerMode (672)
[2020.01.15-21.46.27:162][325]LogModuleManager: Shutting down and abandoning module GeometryMode (670)
[2020.01.15-21.46.27:162][325]LogModuleManager: Shutting down and abandoning module TextureAlignMode (668)
[2020.01.15-21.46.27:162][325]LogModuleManager: Shutting down and abandoning module BspMode (666)
[2020.01.15-21.46.27:162][325]LogModuleManager: Shutting down and abandoning module PIEPreviewDeviceProfileSelector (664)
[2020.01.15-21.46.27:162][325]LogModuleManager: Shutting down and abandoning module SequenceRecorderSections (662)
[2020.01.15-21.46.27:162][325]LogModuleManager: Shutting down and abandoning module AutomationWorker (660)
[2020.01.15-21.46.27:162][325]LogModuleManager: Shutting down and abandoning module SteamVREditor (658)
[2020.01.15-21.46.27:162][325]LogModuleManager: Shutting down and abandoning module OculusMR (656)
[2020.01.15-21.46.27:162][325]LogModuleManager: Shutting down and abandoning module AudioCaptureEditor (654)
[2020.01.15-21.46.27:162][325]LogModuleManager: Shutting down and abandoning module MatineeToLevelSequence (652)
[2020.01.15-21.46.27:163][325]LogModuleManager: Shutting down and abandoning module LevelSequenceEditor (650)
[2020.01.15-21.46.27:163][325]LogModuleManager: Shutting down and abandoning module PlacementMode (649)
[2020.01.15-21.46.27:163][325]LogModuleManager: Shutting down and abandoning module MaterialEditor (648)
[2020.01.15-21.46.27:163][325]LogModuleManager: Shutting down and abandoning module ActorSequenceEditor (644)
[2020.01.15-21.46.27:163][325]LogModuleManager: Shutting down and abandoning module WmfMediaFactory (642)
[2020.01.15-21.46.27:163][325]LogModuleManager: Shutting down and abandoning module WmfMediaEditor (640)
[2020.01.15-21.46.27:163][325]LogModuleManager: Shutting down and abandoning module WebMMediaFactory (638)
[2020.01.15-21.46.27:163][325]LogModuleManager: Shutting down and abandoning module WebMMediaEditor (636)
[2020.01.15-21.46.27:163][325]LogModuleManager: Shutting down and abandoning module WebMMedia (634)
[2020.01.15-21.46.27:163][325]LogModuleManager: Shutting down and abandoning module MediaPlayerEditor (632)
[2020.01.15-21.46.27:163][325]LogModuleManager: Shutting down and abandoning module MediaCompositingEditor (630)
[2020.01.15-21.46.27:163][325]LogModuleManager: Shutting down and abandoning module SequenceRecorder (629)
[2020.01.15-21.46.27:163][325]LogModuleManager: Shutting down and abandoning module OpenExrWrapper (626)
[2020.01.15-21.46.27:163][325]LogModuleManager: Shutting down and abandoning module ImgMediaFactory (624)
[2020.01.15-21.46.27:163][325]LogModuleManager: Shutting down and abandoning module ImgMediaEditor (622)
[2020.01.15-21.46.27:163][325]LogModuleManager: Shutting down and abandoning module AvfMediaFactory (620)
[2020.01.15-21.46.27:164][325]LogModuleManager: Shutting down and abandoning module AvfMediaEditor (618)
[2020.01.15-21.46.27:164][325]LogModuleManager: Shutting down and abandoning module AndroidMediaFactory (616)
[2020.01.15-21.46.27:164][325]LogModuleManager: Shutting down and abandoning module AndroidMediaEditor (614)
[2020.01.15-21.46.27:164][325]LogModuleManager: Shutting down and abandoning module MagicLeapMediaCodecFactory (612)
[2020.01.15-21.46.27:164][325]LogModuleManager: Shutting down and abandoning module MagicLeapMediaFactory (610)
[2020.01.15-21.46.27:164][325]LogModuleManager: Shutting down and abandoning module MagicLeapMediaEditor (608)
[2020.01.15-21.46.27:164][325]LogModuleManager: Shutting down and abandoning module CharacterAI (606)
[2020.01.15-21.46.27:164][325]LogModuleManager: Shutting down and abandoning module SmartSnapping (604)
[2020.01.15-21.46.27:164][325]LogModuleManager: Shutting down and abandoning module SessionServices (602)
[2020.01.15-21.46.27:164][325]LogModuleManager: Shutting down and abandoning module MeshPaint (600)
[2020.01.15-21.46.27:164][325]LogModuleManager: Shutting down and abandoning module ViewportSnapping (598)
[2020.01.15-21.46.27:164][325]LogModuleManager: Shutting down and abandoning module ViewportInteraction (596)
[2020.01.15-21.46.27:164][325]LogModuleManager: Shutting down and abandoning module ClothPainter (594)
[2020.01.15-21.46.27:164][325]LogModuleManager: Shutting down and abandoning module SkeletalMeshEditor (593)
[2020.01.15-21.46.27:164][325]LogModuleManager: Shutting down and abandoning module LogVisualizer (590)
[2020.01.15-21.46.27:164][325]LogModuleManager: Shutting down and abandoning module IntroTutorials (588)
[2020.01.15-21.46.27:164][325]LogModuleManager: Shutting down and abandoning module GameProjectGeneration (587)
[2020.01.15-21.46.27:165][325]LogModuleManager: Shutting down and abandoning module LuminPlatformEditor (584)
[2020.01.15-21.46.27:165][325]LogModuleManager: Shutting down and abandoning module IOSPlatformEditor (582)
[2020.01.15-21.46.27:165][325]LogModuleManager: Shutting down and abandoning module AndroidPlatformEditor (580)
[2020.01.15-21.46.27:165][325]LogModuleManager: Shutting down and abandoning module AndroidDeviceDetection (579)
